Trace 0: 0000022080000100 [00000000/0000000060000020/000007c0/ff020000] 
R00=00000000 R01=00000000 R02=00000000 R03=00000000
R04=00000000 R05=00000000 R06=00000000 R07=00000000
R08=00000000 R09=00000000 R10=00000000 R11=00000000
R12=00000000 R13=00000000 R14=00000000 R15=60000020
PSR=400001d3 -Z-- A S svc32
AArch32 mode switch from svc to irq PC 0x60000020
Trace 0: 0000022080000240 [00000000/0000000060000024/000007c0/ff020000] 
R00=00000000 R01=00000000 R02=00000000 R03=00000000
R04=00000000 R05=00000000 R06=00000000 R07=00000000
R08=00000000 R09=00000000 R10=00000000 R11=00000000
R12=00000000 R13=00000000 R14=00000000 R15=60000024
PSR=400001d2 -Z-- A S irq32
Trace 0: 0000022080000400 [00000000/0000000060000030/000007c0/ff020000] 
R00=60000000 R01=00000000 R02=00000000 R03=00000000
R04=00000000 R05=00000000 R06=00000000 R07=00000000
R08=00000000 R09=00000000 R10=00000000 R11=00000000
R12=00000000 R13=600018c0 R14=00000000 R15=60000030
PSR=400001d2 -Z-- A S irq32
AArch32 mode switch from irq to svc PC 0x60000030
Trace 0: 0000022080000540 [00000000/0000000060000034/000007c0/ff020000] 
R00=60000000 R01=00000000 R02=00000000 R03=00000000
R04=00000000 R05=00000000 R06=00000000 R07=00000000
R08=00000000 R09=00000000 R10=00000000 R11=00000000
R12=00000000 R13=00000000 R14=00000000 R15=60000034
PSR=400001d3 -Z-- A S svc32
Linking TBs 0000022080000540 index 0 -> 0000022080000880
Trace 0: 0000022080000880 [00000000/0000000060000044/000007c0/ff020000] 
R00=600004c0 R01=600008c0 R02=00000000 R03=00000000
R04=00000000 R05=00000000 R06=00000000 R07=00000000
R08=00000000 R09=00000000 R10=00000000 R11=00000000
R12=00000000 R13=600058c0 R14=00000000 R15=60000044
PSR=800001d3 N--- A S svc32
Linking TBs 0000022080000880 index 0 -> 0000022080000880
Trace 0: 0000022080000880 [00000000/0000000060000044/000007c0/ff020000] 
R00=600004c4 R01=600008c0 R02=00000000 R03=00000000
R04=00000000 R05=00000000 R06=00000000 R07=00000000
R08=00000000 R09=00000000 R10=00000000 R11=00000000
R12=00000000 R13=600058c0 R14=00000000 R15=60000044
PSR=800001d3 N--- A S svc32
Linking TBs 0000022080000880 index 1 -> 0000022080000a80
Trace 0: 0000022080000a80 [00000000/0000000060000050/000007c0/ff020000] 
R00=600008c0 R01=600008c0 R02=00000000 R03=00000000
R04=00000000 R05=00000000 R06=00000000 R07=00000000
R08=00000000 R09=00000000 R10=00000000 R11=00000000
R12=00000000 R13=600058c0 R14=00000000 R15=60000050
PSR=600001d3 -ZC- A S svc32
Trace 0: 0000022080000c40 [00000000/000000006000005c/000004c0/ff020000] 
R00=00f00000 R01=600008c0 R02=00000000 R03=00000000
R04=00000000 R05=00000000 R06=00000000 R07=00000000
R08=00000000 R09=00000000 R10=00000000 R11=00000000
R12=00000000 R13=600058c0 R14=00000000 R15=6000005c
PSR=600001d3 -ZC- A S svc32
Linking TBs 0000022080000c40 index 1 -> 0000022080000d40
Trace 0: 0000022080000d40 [00000000/0000000060000060/000004c0/ff020000] 
R00=00f00000 R01=600008c0 R02=00000000 R03=00000000
R04=00000000 R05=00000000 R06=00000000 R07=00000000
R08=00000000 R09=00000000 R10=00000000 R11=00000000
R12=00000000 R13=600058c0 R14=00000000 R15=60000060
PSR=600001d3 -ZC- A S svc32
Trace 0: 0000022080000e80 [00000080/0000000060000068/000004c0/ff020000] 
R00=40000000 R01=600008c0 R02=00000000 R03=00000000
R04=00000000 R05=00000000 R06=00000000 R07=00000000
R08=00000000 R09=00000000 R10=00000000 R11=00000000
R12=00000000 R13=600058c0 R14=00000000 R15=60000068
PSR=600001d3 -ZC- A S svc32
Linking TBs 0000022080000e80 index 0 -> 0000022080000fc0
Trace 0: 0000022080000fc0 [00000080/0000000060000080/000004c0/ff020000] main
R00=40000000 R01=600008c0 R02=00000000 R03=00000000
R04=00000000 R05=00000000 R06=00000000 R07=00000000
R08=00000000 R09=00000000 R10=00000000 R11=00000000
R12=00000000 R13=600058c0 R14=6000006c R15=60000080
PSR=600001d3 -ZC- A S svc32
Linking TBs 0000022080000fc0 index 0 -> 00000220800011c0
Trace 0: 00000220800011c0 [00000080/00000000600003b8/000004c0/ff020000] k_setup_uart
R00=40000000 R01=600008c0 R02=00000000 R03=00000000
R04=00000000 R05=00000000 R06=00000000 R07=00000000
R08=00000000 R09=00000000 R10=00000000 R11=600058bc
R12=00000000 R13=600058b8 R14=6000008c R15=600003b8
PSR=600001d3 -ZC- A S svc32
Trace 0: 00000220800013c0 [00000080/000000006000008c/000004c0/ff020000] main
R00=40000000 R01=600008c0 R02=00000000 R03=00000000
R04=00000000 R05=00000000 R06=00000000 R07=00000000
R08=00000000 R09=00000000 R10=00000000 R11=600058bc
R12=00000000 R13=600058b8 R14=6000008c R15=6000008c
PSR=600001d3 -ZC- A S svc32
Linking TBs 00000220800013c0 index 0 -> 0000022080001500
Trace 0: 0000022080001500 [00000080/00000000600000bc/000004c0/ff020000] k_setup_interrupts
R00=40000000 R01=600008c0 R02=00000000 R03=00000000
R04=00000000 R05=00000000 R06=00000000 R07=00000000
R08=00000000 R09=00000000 R10=00000000 R11=600058bc
R12=00000000 R13=600058b8 R14=60000090 R15=600000bc
PSR=600001d3 -ZC- A S svc32
Linking TBs 0000022080001500 index 0 -> 0000022080001700
Trace 0: 0000022080001700 [00000080/00000000600000d0/000004c0/ff020000] k_gic_init
R00=40000000 R01=600008c0 R02=00000000 R03=00000000
R04=00000000 R05=00000000 R06=00000000 R07=00000000
R08=00000000 R09=00000000 R10=00000000 R11=600058b4
R12=00000000 R13=600058b0 R14=600000c8 R15=600000d0
PSR=600001d3 -ZC- A S svc32
cpu_io_recompile: rewound execution of TB to 00000000600000e4
Trace 0: 0000022080001a80 [00000080/00000000600000e4/000004c0/ff031001] k_gic_init
R00=40000000 R01=600008c0 R02=000000f0 R03=10000104
R04=00000000 R05=00000000 R06=00000000 R07=00000000
R08=00000000 R09=00000000 R10=00000000 R11=600058ac
R12=00000000 R13=600058ac R14=600000c8 R15=600000e4
PSR=600001d3 -ZC- A S svc32
Linking TBs 0000022080001a80 index 1 -> 0000022080001c00
Trace 0: 0000022080001c00 [00000080/00000000600000e8/000004c0/ff020000] k_gic_init
R00=40000000 R01=600008c0 R02=000000f0 R03=10000104
R04=00000000 R05=00000000 R06=00000000 R07=00000000
R08=00000000 R09=00000000 R10=00000000 R11=600058ac
R12=00000000 R13=600058ac R14=600000c8 R15=600000e8
PSR=600001d3 -ZC- A S svc32
cpu_io_recompile: rewound execution of TB to 00000000600000f4
Trace 0: 0000022080001ec0 [00000080/00000000600000f4/000004c0/ff031001] k_gic_init
R00=40000000 R01=600008c0 R02=00000001 R03=10000100
R04=00000000 R05=00000000 R06=00000000 R07=00000000
R08=00000000 R09=00000000 R10=00000000 R11=600058ac
R12=00000000 R13=600058ac R14=600000c8 R15=600000f4
PSR=600001d3 -ZC- A S svc32
Linking TBs 0000022080001ec0 index 1 -> 0000022080002040
Trace 0: 0000022080002040 [00000080/00000000600000f8/000004c0/ff020000] k_gic_init
R00=40000000 R01=600008c0 R02=00000001 R03=10000100
R04=00000000 R05=00000000 R06=00000000 R07=00000000
R08=00000000 R09=00000000 R10=00000000 R11=600058ac
R12=00000000 R13=600058ac R14=600000c8 R15=600000f8
PSR=600001d3 -ZC- A S svc32
cpu_io_recompile: rewound execution of TB to 0000000060000104
Trace 0: 0000022080002280 [00000080/0000000060000104/000004c0/ff031001] k_gic_init
R00=40000000 R01=600008c0 R02=00000001 R03=10001000
R04=00000000 R05=00000000 R06=00000000 R07=00000000
R08=00000000 R09=00000000 R10=00000000 R11=600058ac
R12=00000000 R13=600058ac R14=600000c8 R15=60000104
PSR=600001d3 -ZC- A S svc32
Linking TBs 0000022080002280 index 1 -> 0000022080002400
Trace 0: 0000022080002400 [00000080/0000000060000108/000004c0/ff020000] k_gic_init
R00=40000000 R01=600008c0 R02=00000001 R03=10001000
R04=00000000 R05=00000000 R06=00000000 R07=00000000
R08=00000000 R09=00000000 R10=00000000 R11=600058ac
R12=00000000 R13=600058ac R14=600000c8 R15=60000108
PSR=600001d3 -ZC- A S svc32
Trace 0: 00000220800025c0 [00000080/00000000600000c8/000004c0/ff020000] k_setup_interrupts
R00=40000000 R01=600008c0 R02=00000001 R03=10001000
R04=00000000 R05=00000000 R06=00000000 R07=00000000
R08=00000000 R09=00000000 R10=00000000 R11=600058b4
R12=00000000 R13=600058b0 R14=600000c8 R15=600000c8
PSR=600001d3 -ZC- A S svc32
Trace 0: 00000220800027c0 [00000080/0000000060000090/000004c0/ff020000] main
R00=40000000 R01=600008c0 R02=00000001 R03=10001000
R04=00000000 R05=00000000 R06=00000000 R07=00000000
R08=00000000 R09=00000000 R10=00000000 R11=600058bc
R12=00000000 R13=600058b8 R14=600000c8 R15=60000090
PSR=600001d3 -ZC- A S svc32
Linking TBs 00000220800027c0 index 0 -> 0000022080002900
Trace 0: 0000022080002900 [00000080/0000000060000240/000004c0/ff020000] k_setup_timers
R00=40000000 R01=600008c0 R02=00000001 R03=10001000
R04=00000000 R05=00000000 R06=00000000 R07=00000000
R08=00000000 R09=00000000 R10=00000000 R11=600058bc
R12=00000000 R13=600058b8 R14=60000094 R15=60000240
PSR=600001d3 -ZC- A S svc32
Linking TBs 0000022080002900 index 0 -> 0000022080002b00
Trace 0: 0000022080002b00 [00000080/00000000600002c8/000004c0/ff020000] k_timer_init
R00=00000000 R01=000003e8 R02=00000001 R03=10001000
R04=00000000 R05=00000000 R06=00000000 R07=00000000
R08=00000000 R09=00000000 R10=00000000 R11=600058b4
R12=00000000 R13=600058b0 R14=60000254 R15=600002c8
PSR=600001d3 -ZC- A S svc32
Linking TBs 0000022080002b00 index 1 -> 0000022080002e80
Trace 0: 0000022080002e80 [00000080/00000000600002ec/000004c0/ff020000] k_timer_init
R00=00000000 R01=000003e8 R02=00000001 R03=00000000
R04=00000000 R05=00000000 R06=00000000 R07=00000000
R08=00000000 R09=00000000 R10=00000000 R11=600058ac
R12=00000000 R13=600058a0 R14=60000254 R15=600002ec
PSR=600001d3 -ZC- A S svc32
cpu_io_recompile: rewound execution of TB to 00000000600002f8
Trace 0: 0000022080003140 [00000080/00000000600002f8/000004c0/ff031001] k_timer_init
R00=00000000 R01=000003e8 R02=000003e8 R03=10011000
R04=00000000 R05=00000000 R06=00000000 R07=00000000
R08=00000000 R09=00000000 R10=00000000 R11=600058ac
R12=00000000 R13=600058a0 R14=60000254 R15=600002f8
PSR=600001d3 -ZC- A S svc32
Linking TBs 0000022080003140 index 1 -> 00000220800032c0
Trace 0: 00000220800032c0 [00000080/00000000600002fc/000004c0/ff020000] k_timer_init
R00=00000000 R01=000003e8 R02=000003e8 R03=10011000
R04=00000000 R05=00000000 R06=00000000 R07=00000000
R08=00000000 R09=00000000 R10=00000000 R11=600058ac
R12=00000000 R13=600058a0 R14=60000254 R15=600002fc
PSR=600001d3 -ZC- A S svc32
cpu_io_recompile: rewound execution of TB to 0000000060000308
Trace 0: 0000022080003480 [00000080/0000000060000308/000004c0/ff031001] k_timer_init
R00=00000000 R01=000003e8 R02=ffffffe2 R03=10011008
R04=00000000 R05=00000000 R06=00000000 R07=00000000
R08=00000000 R09=00000000 R10=00000000 R11=600058ac
R12=00000000 R13=600058a0 R14=60000254 R15=60000308
PSR=600001d3 -ZC- A S svc32
Linking TBs 0000022080003480 index 1 -> 0000022080003600
Trace 0: 0000022080003600 [00000080/000000006000030c/000004c0/ff020000] k_timer_init
R00=00000000 R01=000003e8 R02=ffffffe2 R03=10011008
R04=00000000 R05=00000000 R06=00000000 R07=00000000
R08=00000000 R09=00000000 R10=00000000 R11=600058ac
R12=00000000 R13=600058a0 R14=60000254 R15=6000030c
PSR=600001d3 -ZC- A S svc32
Linking TBs 0000022080003600 index 0 -> 0000022080003740
Trace 0: 0000022080003740 [00000080/0000000060000118/000004c0/ff020000] k_config_interrupt
R00=00000022 R01=6000025c R02=ffffffe2 R03=10011008
R04=00000000 R05=00000000 R06=00000000 R07=00000000
R08=00000000 R09=00000000 R10=00000000 R11=600058ac
R12=00000000 R13=600058a0 R14=6000031c R15=60000118
PSR=600001d3 -ZC- A S svc32
cpu_io_recompile: rewound execution of TB to 0000000060000154
Trace 0: 00000220800040c0 [00000080/0000000060000154/000004c0/ff031001] k_config_interrupt
R00=00000022 R01=6000025c R02=ffffffe2 R03=10001104
R04=00000000 R05=00000000 R06=00000000 R07=00000000
R08=00000000 R09=00000000 R10=00000000 R11=6000589c
R12=00000000 R13=60005880 R14=6000031c R15=60000154
PSR=600001d3 -ZC- A S svc32
Linking TBs 00000220800040c0 index 1 -> 0000022080004200
Trace 0: 0000022080004200 [00000080/0000000060000158/000004c0/ff020000] k_config_interrupt
R00=00000022 R01=6000025c R02=00000000 R03=10001104
R04=00000000 R05=00000000 R06=00000000 R07=00000000
R08=00000000 R09=00000000 R10=00000000 R11=6000589c
R12=00000000 R13=60005880 R14=6000031c R15=60000158
PSR=600001d3 -ZC- A S svc32
cpu_io_recompile: rewound execution of TB to 000000006000017c
Trace 0: 0000022080004800 [00000080/000000006000017c/000004c0/ff031001] k_config_interrupt
R00=00000004 R01=10001104 R02=00000000 R03=00000004
R04=00000000 R05=00000000 R06=00000000 R07=00000000
R08=00000000 R09=00000000 R10=00000000 R11=6000589c
R12=00000000 R13=60005880 R14=6000031c R15=6000017c
PSR=600001d3 -ZC- A S svc32
Linking TBs 0000022080004800 index 1 -> 0000022080004980
Trace 0: 0000022080004980 [00000080/0000000060000180/000004c0/ff020000] k_config_interrupt
R00=00000004 R01=10001104 R02=00000000 R03=00000004
R04=00000000 R05=00000000 R06=00000000 R07=00000000
R08=00000000 R09=00000000 R10=00000000 R11=6000589c
R12=00000000 R13=60005880 R14=6000031c R15=60000180
PSR=600001d3 -ZC- A S svc32
cpu_io_recompile: rewound execution of TB to 000000006000019c
Trace 0: 0000022080004e00 [00000080/000000006000019c/000004c0/ff031001] k_config_interrupt
R00=00000004 R01=10001104 R02=00000001 R03=10001822
R04=00000000 R05=00000000 R06=00000000 R07=00000000
R08=00000000 R09=00000000 R10=00000000 R11=6000589c
R12=00000000 R13=60005880 R14=6000031c R15=6000019c
PSR=600001d3 -ZC- A S svc32
Linking TBs 0000022080004e00 index 1 -> 0000022080004f80
Trace 0: 0000022080004f80 [00000080/00000000600001a0/000004c0/ff020000] k_config_interrupt
R00=00000004 R01=10001104 R02=00000001 R03=10001822
R04=00000000 R05=00000000 R06=00000000 R07=00000000
R08=00000000 R09=00000000 R10=00000000 R11=6000589c
R12=00000000 R13=60005880 R14=6000031c R15=600001a0
PSR=600001d3 -ZC- A S svc32
Trace 0: 0000022080005240 [00000080/000000006000031c/000004c0/ff020000] k_timer_init
R00=00000004 R01=6000025c R02=00000022 R03=600004bc
R04=00000000 R05=00000000 R06=00000000 R07=00000000
R08=00000000 R09=00000000 R10=00000000 R11=600058ac
R12=00000000 R13=600058a0 R14=6000031c R15=6000031c
PSR=600001d3 -ZC- A S svc32
Linking TBs 0000022080005240 index 0 -> 0000022080005340
Trace 0: 0000022080005340 [00000080/0000000060000350/000004c0/ff020000] k_timer_init
R00=00000004 R01=6000025c R02=00000022 R03=600004bc
R04=00000000 R05=00000000 R06=00000000 R07=00000000
R08=00000000 R09=00000000 R10=00000000 R11=600058ac
R12=00000000 R13=600058a0 R14=6000031c R15=60000350
PSR=600001d3 -ZC- A S svc32
Trace 0: 0000022080005540 [00000080/0000000060000254/000004c0/ff020000] k_setup_timers
R00=00000004 R01=6000025c R02=00000022 R03=600004bc
R04=00000000 R05=00000000 R06=00000000 R07=00000000
R08=00000000 R09=00000000 R10=00000000 R11=600058b4
R12=00000000 R13=600058b0 R14=6000031c R15=60000254
PSR=600001d3 -ZC- A S svc32
Trace 0: 0000022080005740 [00000080/0000000060000094/000004c0/ff020000] main
R00=00000004 R01=6000025c R02=00000022 R03=600004bc
R04=00000000 R05=00000000 R06=00000000 R07=00000000
R08=00000000 R09=00000000 R10=00000000 R11=600058bc
R12=00000000 R13=600058b8 R14=6000031c R15=60000094
PSR=600001d3 -ZC- A S svc32
Trace 0: 0000022080005880 [00000080/000000006000046c/000004c0/ff020000] 
R00=00000004 R01=6000025c R02=00000022 R03=600004bc
R04=00000000 R05=00000000 R06=00000000 R07=00000000
R08=00000000 R09=00000000 R10=00000000 R11=600058bc
R12=00000000 R13=600058b8 R14=60000098 R15=6000046c
PSR=600001d3 -ZC- A S svc32
Trace 0: 0000022080005a40 [00000080/00000000600003d0/000004c0/ff020000] k_uart_putc
R00=00000065 R01=6000025c R02=00000022 R03=600004bc
R04=00000000 R05=00000000 R06=00000000 R07=00000000
R08=00000000 R09=00000000 R10=00000000 R11=600058bc
R12=00000000 R13=600058b4 R14=60000478 R15=600003d0
PSR=600001d3 -ZC- A S svc32
cpu_io_recompile: rewound execution of TB to 00000000600003f0
Trace 0: 0000022080005d00 [00000080/00000000600003f0/000004c0/ff031001] k_uart_putc
R00=00000065 R01=6000025c R02=00000022 R03=10009018
R04=00000000 R05=00000000 R06=00000000 R07=00000000
R08=00000000 R09=00000000 R10=00000000 R11=600058b0
R12=00000000 R13=600058a4 R14=60000478 R15=600003f0
PSR=600001d3 -ZC- A S svc32
Linking TBs 0000022080005d00 index 1 -> 0000022080005e40
Trace 0: 0000022080005e40 [00000080/00000000600003f4/000004c0/ff020000] k_uart_putc
R00=00000065 R01=6000025c R02=00000022 R03=00000090
R04=00000000 R05=00000000 R06=00000000 R07=00000000
R08=00000000 R09=00000000 R10=00000000 R11=600058b0
R12=00000000 R13=600058a4 R14=60000478 R15=600003f4
PSR=600001d3 -ZC- A S svc32
Trace 0: 0000022080005fc0 [00000080/0000000060000400/000004c0/ff020000] k_uart_putc
R00=00000065 R01=6000025c R02=00000022 R03=00000000
R04=00000000 R05=00000000 R06=00000000 R07=00000000
R08=00000000 R09=00000000 R10=00000000 R11=600058b0
R12=00000000 R13=600058a4 R14=60000478 R15=60000400
PSR=600001d3 -ZC- A S svc32
cpu_io_recompile: rewound execution of TB to 000000006000040c
Trace 0: 0000022080006240 [00000080/000000006000040c/000004c0/ff031001] k_uart_putc
R00=00000065 R01=6000025c R02=00000065 R03=10009000
R04=00000000 R05=00000000 R06=00000000 R07=00000000
R08=00000000 R09=00000000 R10=00000000 R11=600058b0
R12=00000000 R13=600058a4 R14=60000478 R15=6000040c
PSR=600001d3 -ZC- A S svc32
Linking TBs 0000022080006240 index 1 -> 00000220800063c0
Trace 0: 00000220800063c0 [00000080/0000000060000410/000004c0/ff020000] k_uart_putc
R00=00000065 R01=6000025c R02=00000065 R03=10009000
R04=00000000 R05=00000000 R06=00000000 R07=00000000
R08=00000000 R09=00000000 R10=00000000 R11=600058b0
R12=00000000 R13=600058a4 R14=60000478 R15=60000410
PSR=600001d3 -ZC- A S svc32
Trace 0: 0000022080006580 [00000080/0000000060000478/000004c0/ff020000] 
R00=00000065 R01=6000025c R02=00000065 R03=10009000
R04=00000000 R05=00000000 R06=00000000 R07=00000000
R08=00000000 R09=00000000 R10=00000000 R11=600058bc
R12=00000000 R13=600058b4 R14=60000478 R15=60000478
PSR=600001d3 -ZC- A S svc32
Trace 0: 00000220800066c0 [00000080/000000006000047c/000004c0/ff020000] 
R00=00000065 R01=6000025c R02=00000065 R03=10009000
R04=00000000 R05=00000000 R06=00000000 R07=00000000
R08=00000000 R09=00000000 R10=00000000 R11=600058bc
R12=00000000 R13=600058b4 R14=60000478 R15=6000047c
PSR=60000153 -ZC- A S svc32
Trace 0: 0000022080006840 [00000080/0000000060000098/000004c0/ff020000] main
R00=00000065 R01=6000025c R02=00000065 R03=10009000
R04=00000000 R05=00000000 R06=00000000 R07=00000000
R08=00000000 R09=00000000 R10=00000000 R11=600058bc
R12=00000000 R13=600058b8 R14=60000478 R15=60000098
PSR=60000153 -ZC- A S svc32
Trace 0: 0000022080006980 [00000080/0000000060000420/000004c0/ff020000] k_uart_print
R00=6000049c R01=6000025c R02=00000065 R03=10009000
R04=00000000 R05=00000000 R06=00000000 R07=00000000
R08=00000000 R09=00000000 R10=00000000 R11=600058bc
R12=00000000 R13=600058b8 R14=600000a4 R15=60000420
PSR=60000153 -ZC- A S svc32
Linking TBs 0000022080006980 index 0 -> 0000022080006c00
Trace 0: 0000022080006c00 [00000080/000000006000044c/000004c0/ff020000] k_uart_print
R00=6000049c R01=6000025c R02=00000065 R03=10009000
R04=00000000 R05=00000000 R06=00000000 R07=00000000
R08=00000000 R09=00000000 R10=00000000 R11=600058b4
R12=00000000 R13=600058a8 R14=600000a4 R15=6000044c
PSR=60000153 -ZC- A S svc32
Linking TBs 0000022080006c00 index 0 -> 0000022080006e40
Trace 0: 0000022080006e40 [00000080/0000000060000434/000004c0/ff020000] k_uart_print
R00=6000049c R01=6000025c R02=00000065 R03=00000048
R04=00000000 R05=00000000 R06=00000000 R07=00000000
R08=00000000 R09=00000000 R10=00000000 R11=600058b4
R12=00000000 R13=600058a8 R14=600000a4 R15=60000434
PSR=20000153 --C- A S svc32
Trace 0: 0000022080005a40 [00000080/00000000600003d0/000004c0/ff020000] k_uart_putc
R00=00000048 R01=6000025c R02=6000049d R03=00000048
R04=00000000 R05=00000000 R06=00000000 R07=00000000
R08=00000000 R09=00000000 R10=00000000 R11=600058b4
R12=00000000 R13=600058a8 R14=6000044c R15=600003d0
PSR=20000153 --C- A S svc32
cpu_io_recompile: rewound execution of TB to 00000000600003f0
Trace 0: 0000022080005d00 [00000080/00000000600003f0/000004c0/ff031001] k_uart_putc
R00=00000048 R01=6000025c R02=6000049d R03=10009018
R04=00000000 R05=00000000 R06=00000000 R07=00000000
R08=00000000 R09=00000000 R10=00000000 R11=600058a4
R12=00000000 R13=60005898 R14=6000044c R15=600003f0
PSR=20000153 --C- A S svc32
Trace 0: 0000022080005fc0 [00000080/0000000060000400/000004c0/ff020000] k_uart_putc
R00=00000048 R01=6000025c R02=6000049d R03=00000000
R04=00000000 R05=00000000 R06=00000000 R07=00000000
R08=00000000 R09=00000000 R10=00000000 R11=600058a4
R12=00000000 R13=60005898 R14=6000044c R15=60000400
PSR=60000153 -ZC- A S svc32
cpu_io_recompile: rewound execution of TB to 000000006000040c
Trace 0: 0000022080006240 [00000080/000000006000040c/000004c0/ff031001] k_uart_putc
R00=00000048 R01=6000025c R02=00000048 R03=10009000
R04=00000000 R05=00000000 R06=00000000 R07=00000000
R08=00000000 R09=00000000 R10=00000000 R11=600058a4
R12=00000000 R13=60005898 R14=6000044c R15=6000040c
PSR=60000153 -ZC- A S svc32
Trace 0: 0000022080006c00 [00000080/000000006000044c/000004c0/ff020000] k_uart_print
R00=00000048 R01=6000025c R02=00000048 R03=10009000
R04=00000000 R05=00000000 R06=00000000 R07=00000000
R08=00000000 R09=00000000 R10=00000000 R11=600058b4
R12=00000000 R13=600058a8 R14=6000044c R15=6000044c
PSR=60000153 -ZC- A S svc32
Trace 0: 0000022080005a40 [00000080/00000000600003d0/000004c0/ff020000] k_uart_putc
R00=00000065 R01=6000025c R02=6000049e R03=00000065
R04=00000000 R05=00000000 R06=00000000 R07=00000000
R08=00000000 R09=00000000 R10=00000000 R11=600058b4
R12=00000000 R13=600058a8 R14=6000044c R15=600003d0
PSR=20000153 --C- A S svc32
cpu_io_recompile: rewound execution of TB to 00000000600003f0
Trace 0: 0000022080005d00 [00000080/00000000600003f0/000004c0/ff031001] k_uart_putc
R00=00000065 R01=6000025c R02=6000049e R03=10009018
R04=00000000 R05=00000000 R06=00000000 R07=00000000
R08=00000000 R09=00000000 R10=00000000 R11=600058a4
R12=00000000 R13=60005898 R14=6000044c R15=600003f0
PSR=20000153 --C- A S svc32
Trace 0: 0000022080005fc0 [00000080/0000000060000400/000004c0/ff020000] k_uart_putc
R00=00000065 R01=6000025c R02=6000049e R03=00000000
R04=00000000 R05=00000000 R06=00000000 R07=00000000
R08=00000000 R09=00000000 R10=00000000 R11=600058a4
R12=00000000 R13=60005898 R14=6000044c R15=60000400
PSR=60000153 -ZC- A S svc32
cpu_io_recompile: rewound execution of TB to 000000006000040c
Trace 0: 0000022080006240 [00000080/000000006000040c/000004c0/ff031001] k_uart_putc
R00=00000065 R01=6000025c R02=00000065 R03=10009000
R04=00000000 R05=00000000 R06=00000000 R07=00000000
R08=00000000 R09=00000000 R10=00000000 R11=600058a4
R12=00000000 R13=60005898 R14=6000044c R15=6000040c
PSR=60000153 -ZC- A S svc32
Trace 0: 0000022080006c00 [00000080/000000006000044c/000004c0/ff020000] k_uart_print
R00=00000065 R01=6000025c R02=00000065 R03=10009000
R04=00000000 R05=00000000 R06=00000000 R07=00000000
R08=00000000 R09=00000000 R10=00000000 R11=600058b4
R12=00000000 R13=600058a8 R14=6000044c R15=6000044c
PSR=60000153 -ZC- A S svc32
Trace 0: 0000022080005a40 [00000080/00000000600003d0/000004c0/ff020000] k_uart_putc
R00=0000006c R01=6000025c R02=6000049f R03=0000006c
R04=00000000 R05=00000000 R06=00000000 R07=00000000
R08=00000000 R09=00000000 R10=00000000 R11=600058b4
R12=00000000 R13=600058a8 R14=6000044c R15=600003d0
PSR=20000153 --C- A S svc32
cpu_io_recompile: rewound execution of TB to 00000000600003f0
Trace 0: 0000022080005d00 [00000080/00000000600003f0/000004c0/ff031001] k_uart_putc
R00=0000006c R01=6000025c R02=6000049f R03=10009018
R04=00000000 R05=00000000 R06=00000000 R07=00000000
R08=00000000 R09=00000000 R10=00000000 R11=600058a4
R12=00000000 R13=60005898 R14=6000044c R15=600003f0
PSR=20000153 --C- A S svc32
Trace 0: 0000022080005fc0 [00000080/0000000060000400/000004c0/ff020000] k_uart_putc
R00=0000006c R01=6000025c R02=6000049f R03=00000000
R04=00000000 R05=00000000 R06=00000000 R07=00000000
R08=00000000 R09=00000000 R10=00000000 R11=600058a4
R12=00000000 R13=60005898 R14=6000044c R15=60000400
PSR=60000153 -ZC- A S svc32
cpu_io_recompile: rewound execution of TB to 000000006000040c
Trace 0: 0000022080006240 [00000080/000000006000040c/000004c0/ff031001] k_uart_putc
R00=0000006c R01=6000025c R02=0000006c R03=10009000
R04=00000000 R05=00000000 R06=00000000 R07=00000000
R08=00000000 R09=00000000 R10=00000000 R11=600058a4
R12=00000000 R13=60005898 R14=6000044c R15=6000040c
PSR=60000153 -ZC- A S svc32
Trace 0: 0000022080006c00 [00000080/000000006000044c/000004c0/ff020000] k_uart_print
R00=0000006c R01=6000025c R02=0000006c R03=10009000
R04=00000000 R05=00000000 R06=00000000 R07=00000000
R08=00000000 R09=00000000 R10=00000000 R11=600058b4
R12=00000000 R13=600058a8 R14=6000044c R15=6000044c
PSR=60000153 -ZC- A S svc32
Trace 0: 0000022080005a40 [00000080/00000000600003d0/000004c0/ff020000] k_uart_putc
R00=0000006c R01=6000025c R02=600004a0 R03=0000006c
R04=00000000 R05=00000000 R06=00000000 R07=00000000
R08=00000000 R09=00000000 R10=00000000 R11=600058b4
R12=00000000 R13=600058a8 R14=6000044c R15=600003d0
PSR=20000153 --C- A S svc32
cpu_io_recompile: rewound execution of TB to 00000000600003f0
Trace 0: 0000022080005d00 [00000080/00000000600003f0/000004c0/ff031001] k_uart_putc
R00=0000006c R01=6000025c R02=600004a0 R03=10009018
R04=00000000 R05=00000000 R06=00000000 R07=00000000
R08=00000000 R09=00000000 R10=00000000 R11=600058a4
R12=00000000 R13=60005898 R14=6000044c R15=600003f0
PSR=20000153 --C- A S svc32
Trace 0: 0000022080005fc0 [00000080/0000000060000400/000004c0/ff020000] k_uart_putc
R00=0000006c R01=6000025c R02=600004a0 R03=00000000
R04=00000000 R05=00000000 R06=00000000 R07=00000000
R08=00000000 R09=00000000 R10=00000000 R11=600058a4
R12=00000000 R13=60005898 R14=6000044c R15=60000400
PSR=60000153 -ZC- A S svc32
cpu_io_recompile: rewound execution of TB to 000000006000040c
Trace 0: 0000022080006240 [00000080/000000006000040c/000004c0/ff031001] k_uart_putc
R00=0000006c R01=6000025c R02=0000006c R03=10009000
R04=00000000 R05=00000000 R06=00000000 R07=00000000
R08=00000000 R09=00000000 R10=00000000 R11=600058a4
R12=00000000 R13=60005898 R14=6000044c R15=6000040c
PSR=60000153 -ZC- A S svc32
Trace 0: 0000022080006c00 [00000080/000000006000044c/000004c0/ff020000] k_uart_print
R00=0000006c R01=6000025c R02=0000006c R03=10009000
R04=00000000 R05=00000000 R06=00000000 R07=00000000
R08=00000000 R09=00000000 R10=00000000 R11=600058b4
R12=00000000 R13=600058a8 R14=6000044c R15=6000044c
PSR=60000153 -ZC- A S svc32
Trace 0: 0000022080005a40 [00000080/00000000600003d0/000004c0/ff020000] k_uart_putc
R00=0000006f R01=6000025c R02=600004a1 R03=0000006f
R04=00000000 R05=00000000 R06=00000000 R07=00000000
R08=00000000 R09=00000000 R10=00000000 R11=600058b4
R12=00000000 R13=600058a8 R14=6000044c R15=600003d0
PSR=20000153 --C- A S svc32
cpu_io_recompile: rewound execution of TB to 00000000600003f0
Trace 0: 0000022080005d00 [00000080/00000000600003f0/000004c0/ff031001] k_uart_putc
R00=0000006f R01=6000025c R02=600004a1 R03=10009018
R04=00000000 R05=00000000 R06=00000000 R07=00000000
R08=00000000 R09=00000000 R10=00000000 R11=600058a4
R12=00000000 R13=60005898 R14=6000044c R15=600003f0
PSR=20000153 --C- A S svc32
Trace 0: 0000022080005fc0 [00000080/0000000060000400/000004c0/ff020000] k_uart_putc
R00=0000006f R01=6000025c R02=600004a1 R03=00000000
R04=00000000 R05=00000000 R06=00000000 R07=00000000
R08=00000000 R09=00000000 R10=00000000 R11=600058a4
R12=00000000 R13=60005898 R14=6000044c R15=60000400
PSR=60000153 -ZC- A S svc32
cpu_io_recompile: rewound execution of TB to 000000006000040c
Trace 0: 0000022080006240 [00000080/000000006000040c/000004c0/ff031001] k_uart_putc
R00=0000006f R01=6000025c R02=0000006f R03=10009000
R04=00000000 R05=00000000 R06=00000000 R07=00000000
R08=00000000 R09=00000000 R10=00000000 R11=600058a4
R12=00000000 R13=60005898 R14=6000044c R15=6000040c
PSR=60000153 -ZC- A S svc32
Trace 0: 0000022080006c00 [00000080/000000006000044c/000004c0/ff020000] k_uart_print
R00=0000006f R01=6000025c R02=0000006f R03=10009000
R04=00000000 R05=00000000 R06=00000000 R07=00000000
R08=00000000 R09=00000000 R10=00000000 R11=600058b4
R12=00000000 R13=600058a8 R14=6000044c R15=6000044c
PSR=60000153 -ZC- A S svc32
Trace 0: 0000022080005a40 [00000080/00000000600003d0/000004c0/ff020000] k_uart_putc
R00=00000020 R01=6000025c R02=600004a2 R03=00000020
R04=00000000 R05=00000000 R06=00000000 R07=00000000
R08=00000000 R09=00000000 R10=00000000 R11=600058b4
R12=00000000 R13=600058a8 R14=6000044c R15=600003d0
PSR=20000153 --C- A S svc32
cpu_io_recompile: rewound execution of TB to 00000000600003f0
Trace 0: 0000022080005d00 [00000080/00000000600003f0/000004c0/ff031001] k_uart_putc
R00=00000020 R01=6000025c R02=600004a2 R03=10009018
R04=00000000 R05=00000000 R06=00000000 R07=00000000
R08=00000000 R09=00000000 R10=00000000 R11=600058a4
R12=00000000 R13=60005898 R14=6000044c R15=600003f0
PSR=20000153 --C- A S svc32
Trace 0: 0000022080005fc0 [00000080/0000000060000400/000004c0/ff020000] k_uart_putc
R00=00000020 R01=6000025c R02=600004a2 R03=00000000
R04=00000000 R05=00000000 R06=00000000 R07=00000000
R08=00000000 R09=00000000 R10=00000000 R11=600058a4
R12=00000000 R13=60005898 R14=6000044c R15=60000400
PSR=60000153 -ZC- A S svc32
cpu_io_recompile: rewound execution of TB to 000000006000040c
Trace 0: 0000022080006240 [00000080/000000006000040c/000004c0/ff031001] k_uart_putc
R00=00000020 R01=6000025c R02=00000020 R03=10009000
R04=00000000 R05=00000000 R06=00000000 R07=00000000
R08=00000000 R09=00000000 R10=00000000 R11=600058a4
R12=00000000 R13=60005898 R14=6000044c R15=6000040c
PSR=60000153 -ZC- A S svc32
Trace 0: 0000022080006c00 [00000080/000000006000044c/000004c0/ff020000] k_uart_print
R00=00000020 R01=6000025c R02=00000020 R03=10009000
R04=00000000 R05=00000000 R06=00000000 R07=00000000
R08=00000000 R09=00000000 R10=00000000 R11=600058b4
R12=00000000 R13=600058a8 R14=6000044c R15=6000044c
PSR=60000153 -ZC- A S svc32
Trace 0: 0000022080005a40 [00000080/00000000600003d0/000004c0/ff020000] k_uart_putc
R00=00000057 R01=6000025c R02=600004a3 R03=00000057
R04=00000000 R05=00000000 R06=00000000 R07=00000000
R08=00000000 R09=00000000 R10=00000000 R11=600058b4
R12=00000000 R13=600058a8 R14=6000044c R15=600003d0
PSR=20000153 --C- A S svc32
cpu_io_recompile: rewound execution of TB to 00000000600003f0
Trace 0: 0000022080005d00 [00000080/00000000600003f0/000004c0/ff031001] k_uart_putc
R00=00000057 R01=6000025c R02=600004a3 R03=10009018
R04=00000000 R05=00000000 R06=00000000 R07=00000000
R08=00000000 R09=00000000 R10=00000000 R11=600058a4
R12=00000000 R13=60005898 R14=6000044c R15=600003f0
PSR=20000153 --C- A S svc32
Trace 0: 0000022080005fc0 [00000080/0000000060000400/000004c0/ff020000] k_uart_putc
R00=00000057 R01=6000025c R02=600004a3 R03=00000000
R04=00000000 R05=00000000 R06=00000000 R07=00000000
R08=00000000 R09=00000000 R10=00000000 R11=600058a4
R12=00000000 R13=60005898 R14=6000044c R15=60000400
PSR=60000153 -ZC- A S svc32
cpu_io_recompile: rewound execution of TB to 000000006000040c
Trace 0: 0000022080006240 [00000080/000000006000040c/000004c0/ff031001] k_uart_putc
R00=00000057 R01=6000025c R02=00000057 R03=10009000
R04=00000000 R05=00000000 R06=00000000 R07=00000000
R08=00000000 R09=00000000 R10=00000000 R11=600058a4
R12=00000000 R13=60005898 R14=6000044c R15=6000040c
PSR=60000153 -ZC- A S svc32
Trace 0: 0000022080006c00 [00000080/000000006000044c/000004c0/ff020000] k_uart_print
R00=00000057 R01=6000025c R02=00000057 R03=10009000
R04=00000000 R05=00000000 R06=00000000 R07=00000000
R08=00000000 R09=00000000 R10=00000000 R11=600058b4
R12=00000000 R13=600058a8 R14=6000044c R15=6000044c
PSR=60000153 -ZC- A S svc32
Trace 0: 0000022080005a40 [00000080/00000000600003d0/000004c0/ff020000] k_uart_putc
R00=0000006f R01=6000025c R02=600004a4 R03=0000006f
R04=00000000 R05=00000000 R06=00000000 R07=00000000
R08=00000000 R09=00000000 R10=00000000 R11=600058b4
R12=00000000 R13=600058a8 R14=6000044c R15=600003d0
PSR=20000153 --C- A S svc32
cpu_io_recompile: rewound execution of TB to 00000000600003f0
Trace 0: 0000022080005d00 [00000080/00000000600003f0/000004c0/ff031001] k_uart_putc
R00=0000006f R01=6000025c R02=600004a4 R03=10009018
R04=00000000 R05=00000000 R06=00000000 R07=00000000
R08=00000000 R09=00000000 R10=00000000 R11=600058a4
R12=00000000 R13=60005898 R14=6000044c R15=600003f0
PSR=20000153 --C- A S svc32
Trace 0: 0000022080005fc0 [00000080/0000000060000400/000004c0/ff020000] k_uart_putc
R00=0000006f R01=6000025c R02=600004a4 R03=00000000
R04=00000000 R05=00000000 R06=00000000 R07=00000000
R08=00000000 R09=00000000 R10=00000000 R11=600058a4
R12=00000000 R13=60005898 R14=6000044c R15=60000400
PSR=60000153 -ZC- A S svc32
cpu_io_recompile: rewound execution of TB to 000000006000040c
Trace 0: 0000022080006240 [00000080/000000006000040c/000004c0/ff031001] k_uart_putc
R00=0000006f R01=6000025c R02=0000006f R03=10009000
R04=00000000 R05=00000000 R06=00000000 R07=00000000
R08=00000000 R09=00000000 R10=00000000 R11=600058a4
R12=00000000 R13=60005898 R14=6000044c R15=6000040c
PSR=60000153 -ZC- A S svc32
Trace 0: 0000022080006c00 [00000080/000000006000044c/000004c0/ff020000] k_uart_print
R00=0000006f R01=6000025c R02=0000006f R03=10009000
R04=00000000 R05=00000000 R06=00000000 R07=00000000
R08=00000000 R09=00000000 R10=00000000 R11=600058b4
R12=00000000 R13=600058a8 R14=6000044c R15=6000044c
PSR=60000153 -ZC- A S svc32
Trace 0: 0000022080005a40 [00000080/00000000600003d0/000004c0/ff020000] k_uart_putc
R00=00000072 R01=6000025c R02=600004a5 R03=00000072
R04=00000000 R05=00000000 R06=00000000 R07=00000000
R08=00000000 R09=00000000 R10=00000000 R11=600058b4
R12=00000000 R13=600058a8 R14=6000044c R15=600003d0
PSR=20000153 --C- A S svc32
cpu_io_recompile: rewound execution of TB to 00000000600003f0
Trace 0: 0000022080005d00 [00000080/00000000600003f0/000004c0/ff031001] k_uart_putc
R00=00000072 R01=6000025c R02=600004a5 R03=10009018
R04=00000000 R05=00000000 R06=00000000 R07=00000000
R08=00000000 R09=00000000 R10=00000000 R11=600058a4
R12=00000000 R13=60005898 R14=6000044c R15=600003f0
PSR=20000153 --C- A S svc32
Trace 0: 0000022080005fc0 [00000080/0000000060000400/000004c0/ff020000] k_uart_putc
R00=00000072 R01=6000025c R02=600004a5 R03=00000000
R04=00000000 R05=00000000 R06=00000000 R07=00000000
R08=00000000 R09=00000000 R10=00000000 R11=600058a4
R12=00000000 R13=60005898 R14=6000044c R15=60000400
PSR=60000153 -ZC- A S svc32
cpu_io_recompile: rewound execution of TB to 000000006000040c
Trace 0: 0000022080006240 [00000080/000000006000040c/000004c0/ff031001] k_uart_putc
R00=00000072 R01=6000025c R02=00000072 R03=10009000
R04=00000000 R05=00000000 R06=00000000 R07=00000000
R08=00000000 R09=00000000 R10=00000000 R11=600058a4
R12=00000000 R13=60005898 R14=6000044c R15=6000040c
PSR=60000153 -ZC- A S svc32
Trace 0: 0000022080006c00 [00000080/000000006000044c/000004c0/ff020000] k_uart_print
R00=00000072 R01=6000025c R02=00000072 R03=10009000
R04=00000000 R05=00000000 R06=00000000 R07=00000000
R08=00000000 R09=00000000 R10=00000000 R11=600058b4
R12=00000000 R13=600058a8 R14=6000044c R15=6000044c
PSR=60000153 -ZC- A S svc32
Trace 0: 0000022080005a40 [00000080/00000000600003d0/000004c0/ff020000] k_uart_putc
R00=0000006c R01=6000025c R02=600004a6 R03=0000006c
R04=00000000 R05=00000000 R06=00000000 R07=00000000
R08=00000000 R09=00000000 R10=00000000 R11=600058b4
R12=00000000 R13=600058a8 R14=6000044c R15=600003d0
PSR=20000153 --C- A S svc32
cpu_io_recompile: rewound execution of TB to 00000000600003f0
Trace 0: 0000022080005d00 [00000080/00000000600003f0/000004c0/ff031001] k_uart_putc
R00=0000006c R01=6000025c R02=600004a6 R03=10009018
R04=00000000 R05=00000000 R06=00000000 R07=00000000
R08=00000000 R09=00000000 R10=00000000 R11=600058a4
R12=00000000 R13=60005898 R14=6000044c R15=600003f0
PSR=20000153 --C- A S svc32
Trace 0: 0000022080005fc0 [00000080/0000000060000400/000004c0/ff020000] k_uart_putc
R00=0000006c R01=6000025c R02=600004a6 R03=00000000
R04=00000000 R05=00000000 R06=00000000 R07=00000000
R08=00000000 R09=00000000 R10=00000000 R11=600058a4
R12=00000000 R13=60005898 R14=6000044c R15=60000400
PSR=60000153 -ZC- A S svc32
cpu_io_recompile: rewound execution of TB to 000000006000040c
Trace 0: 0000022080006240 [00000080/000000006000040c/000004c0/ff031001] k_uart_putc
R00=0000006c R01=6000025c R02=0000006c R03=10009000
R04=00000000 R05=00000000 R06=00000000 R07=00000000
R08=00000000 R09=00000000 R10=00000000 R11=600058a4
R12=00000000 R13=60005898 R14=6000044c R15=6000040c
PSR=60000153 -ZC- A S svc32
Trace 0: 0000022080006c00 [00000080/000000006000044c/000004c0/ff020000] k_uart_print
R00=0000006c R01=6000025c R02=0000006c R03=10009000
R04=00000000 R05=00000000 R06=00000000 R07=00000000
R08=00000000 R09=00000000 R10=00000000 R11=600058b4
R12=00000000 R13=600058a8 R14=6000044c R15=6000044c
PSR=60000153 -ZC- A S svc32
Trace 0: 0000022080005a40 [00000080/00000000600003d0/000004c0/ff020000] k_uart_putc
R00=00000064 R01=6000025c R02=600004a7 R03=00000064
R04=00000000 R05=00000000 R06=00000000 R07=00000000
R08=00000000 R09=00000000 R10=00000000 R11=600058b4
R12=00000000 R13=600058a8 R14=6000044c R15=600003d0
PSR=20000153 --C- A S svc32
cpu_io_recompile: rewound execution of TB to 00000000600003f0
Trace 0: 0000022080005d00 [00000080/00000000600003f0/000004c0/ff031001] k_uart_putc
R00=00000064 R01=6000025c R02=600004a7 R03=10009018
R04=00000000 R05=00000000 R06=00000000 R07=00000000
R08=00000000 R09=00000000 R10=00000000 R11=600058a4
R12=00000000 R13=60005898 R14=6000044c R15=600003f0
PSR=20000153 --C- A S svc32
Trace 0: 0000022080005fc0 [00000080/0000000060000400/000004c0/ff020000] k_uart_putc
R00=00000064 R01=6000025c R02=600004a7 R03=00000000
R04=00000000 R05=00000000 R06=00000000 R07=00000000
R08=00000000 R09=00000000 R10=00000000 R11=600058a4
R12=00000000 R13=60005898 R14=6000044c R15=60000400
PSR=60000153 -ZC- A S svc32
cpu_io_recompile: rewound execution of TB to 000000006000040c
Trace 0: 0000022080006240 [00000080/000000006000040c/000004c0/ff031001] k_uart_putc
R00=00000064 R01=6000025c R02=00000064 R03=10009000
R04=00000000 R05=00000000 R06=00000000 R07=00000000
R08=00000000 R09=00000000 R10=00000000 R11=600058a4
R12=00000000 R13=60005898 R14=6000044c R15=6000040c
PSR=60000153 -ZC- A S svc32
Trace 0: 0000022080006c00 [00000080/000000006000044c/000004c0/ff020000] k_uart_print
R00=00000064 R01=6000025c R02=00000064 R03=10009000
R04=00000000 R05=00000000 R06=00000000 R07=00000000
R08=00000000 R09=00000000 R10=00000000 R11=600058b4
R12=00000000 R13=600058a8 R14=6000044c R15=6000044c
PSR=60000153 -ZC- A S svc32
Trace 0: 0000022080005a40 [00000080/00000000600003d0/000004c0/ff020000] k_uart_putc
R00=0000000a R01=6000025c R02=600004a8 R03=0000000a
R04=00000000 R05=00000000 R06=00000000 R07=00000000
R08=00000000 R09=00000000 R10=00000000 R11=600058b4
R12=00000000 R13=600058a8 R14=6000044c R15=600003d0
PSR=20000153 --C- A S svc32
cpu_io_recompile: rewound execution of TB to 00000000600003f0
Trace 0: 0000022080005d00 [00000080/00000000600003f0/000004c0/ff031001] k_uart_putc
R00=0000000a R01=6000025c R02=600004a8 R03=10009018
R04=00000000 R05=00000000 R06=00000000 R07=00000000
R08=00000000 R09=00000000 R10=00000000 R11=600058a4
R12=00000000 R13=60005898 R14=6000044c R15=600003f0
PSR=20000153 --C- A S svc32
Trace 0: 0000022080005fc0 [00000080/0000000060000400/000004c0/ff020000] k_uart_putc
R00=0000000a R01=6000025c R02=600004a8 R03=00000000
R04=00000000 R05=00000000 R06=00000000 R07=00000000
R08=00000000 R09=00000000 R10=00000000 R11=600058a4
R12=00000000 R13=60005898 R14=6000044c R15=60000400
PSR=60000153 -ZC- A S svc32
cpu_io_recompile: rewound execution of TB to 000000006000040c
Trace 0: 0000022080006240 [00000080/000000006000040c/000004c0/ff031001] k_uart_putc
R00=0000000a R01=6000025c R02=0000000a R03=10009000
R04=00000000 R05=00000000 R06=00000000 R07=00000000
R08=00000000 R09=00000000 R10=00000000 R11=600058a4
R12=00000000 R13=60005898 R14=6000044c R15=6000040c
PSR=60000153 -ZC- A S svc32
Trace 0: 0000022080006c00 [00000080/000000006000044c/000004c0/ff020000] k_uart_print
R00=0000000a R01=6000025c R02=0000000a R03=10009000
R04=00000000 R05=00000000 R06=00000000 R07=00000000
R08=00000000 R09=00000000 R10=00000000 R11=600058b4
R12=00000000 R13=600058a8 R14=6000044c R15=6000044c
PSR=60000153 -ZC- A S svc32
Trace 0: 0000022080005a40 [00000080/00000000600003d0/000004c0/ff020000] k_uart_putc
R00=0000000d R01=6000025c R02=600004a9 R03=0000000d
R04=00000000 R05=00000000 R06=00000000 R07=00000000
R08=00000000 R09=00000000 R10=00000000 R11=600058b4
R12=00000000 R13=600058a8 R14=6000044c R15=600003d0
PSR=20000153 --C- A S svc32
cpu_io_recompile: rewound execution of TB to 00000000600003f0
Trace 0: 0000022080005d00 [00000080/00000000600003f0/000004c0/ff031001] k_uart_putc
R00=0000000d R01=6000025c R02=600004a9 R03=10009018
R04=00000000 R05=00000000 R06=00000000 R07=00000000
R08=00000000 R09=00000000 R10=00000000 R11=600058a4
R12=00000000 R13=60005898 R14=6000044c R15=600003f0
PSR=20000153 --C- A S svc32
Trace 0: 0000022080005fc0 [00000080/0000000060000400/000004c0/ff020000] k_uart_putc
R00=0000000d R01=6000025c R02=600004a9 R03=00000000
R04=00000000 R05=00000000 R06=00000000 R07=00000000
R08=00000000 R09=00000000 R10=00000000 R11=600058a4
R12=00000000 R13=60005898 R14=6000044c R15=60000400
PSR=60000153 -ZC- A S svc32
cpu_io_recompile: rewound execution of TB to 000000006000040c
Trace 0: 0000022080006240 [00000080/000000006000040c/000004c0/ff031001] k_uart_putc
R00=0000000d R01=6000025c R02=0000000d R03=10009000
R04=00000000 R05=00000000 R06=00000000 R07=00000000
R08=00000000 R09=00000000 R10=00000000 R11=600058a4
R12=00000000 R13=60005898 R14=6000044c R15=6000040c
PSR=60000153 -ZC- A S svc32
Trace 0: 0000022080006c00 [00000080/000000006000044c/000004c0/ff020000] k_uart_print
R00=0000000d R01=6000025c R02=0000000d R03=10009000
R04=00000000 R05=00000000 R06=00000000 R07=00000000
R08=00000000 R09=00000000 R10=00000000 R11=600058b4
R12=00000000 R13=600058a8 R14=6000044c R15=6000044c
PSR=60000153 -ZC- A S svc32
Linking TBs 0000022080006c00 index 1 -> 00000220800070c0
Trace 0: 00000220800070c0 [00000080/000000006000045c/000004c0/ff020000] k_uart_print
R00=0000000d R01=6000025c R02=0000000d R03=00000000
R04=00000000 R05=00000000 R06=00000000 R07=00000000
R08=00000000 R09=00000000 R10=00000000 R11=600058b4
R12=00000000 R13=600058a8 R14=6000044c R15=6000045c
PSR=60000153 -ZC- A S svc32
Trace 0: 00000220800072c0 [00000080/00000000600000a4/000004c0/ff020000] main
R00=0000000d R01=6000025c R02=0000000d R03=00000000
R04=00000000 R05=00000000 R06=00000000 R07=00000000
R08=00000000 R09=00000000 R10=00000000 R11=600058bc
R12=00000000 R13=600058b8 R14=6000044c R15=600000a4
PSR=60000153 -ZC- A S svc32
Trace 0: 0000022080006980 [00000080/0000000060000420/000004c0/ff020000] k_uart_print
R00=600004ac R01=6000025c R02=0000000d R03=00000000
R04=00000000 R05=00000000 R06=00000000 R07=00000000
R08=00000000 R09=00000000 R10=00000000 R11=600058bc
R12=00000000 R13=600058b8 R14=600000b0 R15=60000420
PSR=60000153 -ZC- A S svc32
Trace 0: 0000022080005a40 [00000080/00000000600003d0/000004c0/ff020000] k_uart_putc
R00=00000048 R01=6000025c R02=600004ad R03=00000048
R04=00000000 R05=00000000 R06=00000000 R07=00000000
R08=00000000 R09=00000000 R10=00000000 R11=600058b4
R12=00000000 R13=600058a8 R14=6000044c R15=600003d0
PSR=20000153 --C- A S svc32
cpu_io_recompile: rewound execution of TB to 00000000600003f0
Trace 0: 0000022080005d00 [00000080/00000000600003f0/000004c0/ff031001] k_uart_putc
R00=00000048 R01=6000025c R02=600004ad R03=10009018
R04=00000000 R05=00000000 R06=00000000 R07=00000000
R08=00000000 R09=00000000 R10=00000000 R11=600058a4
R12=00000000 R13=60005898 R14=6000044c R15=600003f0
PSR=20000153 --C- A S svc32
Trace 0: 0000022080005fc0 [00000080/0000000060000400/000004c0/ff020000] k_uart_putc
R00=00000048 R01=6000025c R02=600004ad R03=00000000
R04=00000000 R05=00000000 R06=00000000 R07=00000000
R08=00000000 R09=00000000 R10=00000000 R11=600058a4
R12=00000000 R13=60005898 R14=6000044c R15=60000400
PSR=60000153 -ZC- A S svc32
cpu_io_recompile: rewound execution of TB to 000000006000040c
Trace 0: 0000022080006240 [00000080/000000006000040c/000004c0/ff031001] k_uart_putc
R00=00000048 R01=6000025c R02=00000048 R03=10009000
R04=00000000 R05=00000000 R06=00000000 R07=00000000
R08=00000000 R09=00000000 R10=00000000 R11=600058a4
R12=00000000 R13=60005898 R14=6000044c R15=6000040c
PSR=60000153 -ZC- A S svc32
Trace 0: 0000022080006c00 [00000080/000000006000044c/000004c0/ff020000] k_uart_print
R00=00000048 R01=6000025c R02=00000048 R03=10009000
R04=00000000 R05=00000000 R06=00000000 R07=00000000
R08=00000000 R09=00000000 R10=00000000 R11=600058b4
R12=00000000 R13=600058a8 R14=6000044c R15=6000044c
PSR=60000153 -ZC- A S svc32
Trace 0: 0000022080005a40 [00000080/00000000600003d0/000004c0/ff020000] k_uart_putc
R00=00000065 R01=6000025c R02=600004ae R03=00000065
R04=00000000 R05=00000000 R06=00000000 R07=00000000
R08=00000000 R09=00000000 R10=00000000 R11=600058b4
R12=00000000 R13=600058a8 R14=6000044c R15=600003d0
PSR=20000153 --C- A S svc32
cpu_io_recompile: rewound execution of TB to 00000000600003f0
Trace 0: 0000022080005d00 [00000080/00000000600003f0/000004c0/ff031001] k_uart_putc
R00=00000065 R01=6000025c R02=600004ae R03=10009018
R04=00000000 R05=00000000 R06=00000000 R07=00000000
R08=00000000 R09=00000000 R10=00000000 R11=600058a4
R12=00000000 R13=60005898 R14=6000044c R15=600003f0
PSR=20000153 --C- A S svc32
Trace 0: 0000022080005fc0 [00000080/0000000060000400/000004c0/ff020000] k_uart_putc
R00=00000065 R01=6000025c R02=600004ae R03=00000000
R04=00000000 R05=00000000 R06=00000000 R07=00000000
R08=00000000 R09=00000000 R10=00000000 R11=600058a4
R12=00000000 R13=60005898 R14=6000044c R15=60000400
PSR=60000153 -ZC- A S svc32
cpu_io_recompile: rewound execution of TB to 000000006000040c
Trace 0: 0000022080006240 [00000080/000000006000040c/000004c0/ff031001] k_uart_putc
R00=00000065 R01=6000025c R02=00000065 R03=10009000
R04=00000000 R05=00000000 R06=00000000 R07=00000000
R08=00000000 R09=00000000 R10=00000000 R11=600058a4
R12=00000000 R13=60005898 R14=6000044c R15=6000040c
PSR=60000153 -ZC- A S svc32
Trace 0: 0000022080006c00 [00000080/000000006000044c/000004c0/ff020000] k_uart_print
R00=00000065 R01=6000025c R02=00000065 R03=10009000
R04=00000000 R05=00000000 R06=00000000 R07=00000000
R08=00000000 R09=00000000 R10=00000000 R11=600058b4
R12=00000000 R13=600058a8 R14=6000044c R15=6000044c
PSR=60000153 -ZC- A S svc32
Trace 0: 0000022080005a40 [00000080/00000000600003d0/000004c0/ff020000] k_uart_putc
R00=00000077 R01=6000025c R02=600004af R03=00000077
R04=00000000 R05=00000000 R06=00000000 R07=00000000
R08=00000000 R09=00000000 R10=00000000 R11=600058b4
R12=00000000 R13=600058a8 R14=6000044c R15=600003d0
PSR=20000153 --C- A S svc32
cpu_io_recompile: rewound execution of TB to 00000000600003f0
Trace 0: 0000022080005d00 [00000080/00000000600003f0/000004c0/ff031001] k_uart_putc
R00=00000077 R01=6000025c R02=600004af R03=10009018
R04=00000000 R05=00000000 R06=00000000 R07=00000000
R08=00000000 R09=00000000 R10=00000000 R11=600058a4
R12=00000000 R13=60005898 R14=6000044c R15=600003f0
PSR=20000153 --C- A S svc32
Trace 0: 0000022080005fc0 [00000080/0000000060000400/000004c0/ff020000] k_uart_putc
R00=00000077 R01=6000025c R02=600004af R03=00000000
R04=00000000 R05=00000000 R06=00000000 R07=00000000
R08=00000000 R09=00000000 R10=00000000 R11=600058a4
R12=00000000 R13=60005898 R14=6000044c R15=60000400
PSR=60000153 -ZC- A S svc32
cpu_io_recompile: rewound execution of TB to 000000006000040c
Trace 0: 0000022080006240 [00000080/000000006000040c/000004c0/ff031001] k_uart_putc
R00=00000077 R01=6000025c R02=00000077 R03=10009000
R04=00000000 R05=00000000 R06=00000000 R07=00000000
R08=00000000 R09=00000000 R10=00000000 R11=600058a4
R12=00000000 R13=60005898 R14=6000044c R15=6000040c
PSR=60000153 -ZC- A S svc32
Trace 0: 0000022080006c00 [00000080/000000006000044c/000004c0/ff020000] k_uart_print
R00=00000077 R01=6000025c R02=00000077 R03=10009000
R04=00000000 R05=00000000 R06=00000000 R07=00000000
R08=00000000 R09=00000000 R10=00000000 R11=600058b4
R12=00000000 R13=600058a8 R14=6000044c R15=6000044c
PSR=60000153 -ZC- A S svc32
Trace 0: 0000022080005a40 [00000080/00000000600003d0/000004c0/ff020000] k_uart_putc
R00=0000006f R01=6000025c R02=600004b0 R03=0000006f
R04=00000000 R05=00000000 R06=00000000 R07=00000000
R08=00000000 R09=00000000 R10=00000000 R11=600058b4
R12=00000000 R13=600058a8 R14=6000044c R15=600003d0
PSR=20000153 --C- A S svc32
cpu_io_recompile: rewound execution of TB to 00000000600003f0
Trace 0: 0000022080005d00 [00000080/00000000600003f0/000004c0/ff031001] k_uart_putc
R00=0000006f R01=6000025c R02=600004b0 R03=10009018
R04=00000000 R05=00000000 R06=00000000 R07=00000000
R08=00000000 R09=00000000 R10=00000000 R11=600058a4
R12=00000000 R13=60005898 R14=6000044c R15=600003f0
PSR=20000153 --C- A S svc32
Trace 0: 0000022080005fc0 [00000080/0000000060000400/000004c0/ff020000] k_uart_putc
R00=0000006f R01=6000025c R02=600004b0 R03=00000000
R04=00000000 R05=00000000 R06=00000000 R07=00000000
R08=00000000 R09=00000000 R10=00000000 R11=600058a4
R12=00000000 R13=60005898 R14=6000044c R15=60000400
PSR=60000153 -ZC- A S svc32
cpu_io_recompile: rewound execution of TB to 000000006000040c
Trace 0: 0000022080006240 [00000080/000000006000040c/000004c0/ff031001] k_uart_putc
R00=0000006f R01=6000025c R02=0000006f R03=10009000
R04=00000000 R05=00000000 R06=00000000 R07=00000000
R08=00000000 R09=00000000 R10=00000000 R11=600058a4
R12=00000000 R13=60005898 R14=6000044c R15=6000040c
PSR=60000153 -ZC- A S svc32
Trace 0: 0000022080006c00 [00000080/000000006000044c/000004c0/ff020000] k_uart_print
R00=0000006f R01=6000025c R02=0000006f R03=10009000
R04=00000000 R05=00000000 R06=00000000 R07=00000000
R08=00000000 R09=00000000 R10=00000000 R11=600058b4
R12=00000000 R13=600058a8 R14=6000044c R15=6000044c
PSR=60000153 -ZC- A S svc32
Trace 0: 0000022080005a40 [00000080/00000000600003d0/000004c0/ff020000] k_uart_putc
R00=0000000a R01=6000025c R02=600004b1 R03=0000000a
R04=00000000 R05=00000000 R06=00000000 R07=00000000
R08=00000000 R09=00000000 R10=00000000 R11=600058b4
R12=00000000 R13=600058a8 R14=6000044c R15=600003d0
PSR=20000153 --C- A S svc32
cpu_io_recompile: rewound execution of TB to 00000000600003f0
Trace 0: 0000022080005d00 [00000080/00000000600003f0/000004c0/ff031001] k_uart_putc
R00=0000000a R01=6000025c R02=600004b1 R03=10009018
R04=00000000 R05=00000000 R06=00000000 R07=00000000
R08=00000000 R09=00000000 R10=00000000 R11=600058a4
R12=00000000 R13=60005898 R14=6000044c R15=600003f0
PSR=20000153 --C- A S svc32
Trace 0: 0000022080005fc0 [00000080/0000000060000400/000004c0/ff020000] k_uart_putc
R00=0000000a R01=6000025c R02=600004b1 R03=00000000
R04=00000000 R05=00000000 R06=00000000 R07=00000000
R08=00000000 R09=00000000 R10=00000000 R11=600058a4
R12=00000000 R13=60005898 R14=6000044c R15=60000400
PSR=60000153 -ZC- A S svc32
cpu_io_recompile: rewound execution of TB to 000000006000040c
Trace 0: 0000022080006240 [00000080/000000006000040c/000004c0/ff031001] k_uart_putc
R00=0000000a R01=6000025c R02=0000000a R03=10009000
R04=00000000 R05=00000000 R06=00000000 R07=00000000
R08=00000000 R09=00000000 R10=00000000 R11=600058a4
R12=00000000 R13=60005898 R14=6000044c R15=6000040c
PSR=60000153 -ZC- A S svc32
Trace 0: 0000022080006c00 [00000080/000000006000044c/000004c0/ff020000] k_uart_print
R00=0000000a R01=6000025c R02=0000000a R03=10009000
R04=00000000 R05=00000000 R06=00000000 R07=00000000
R08=00000000 R09=00000000 R10=00000000 R11=600058b4
R12=00000000 R13=600058a8 R14=6000044c R15=6000044c
PSR=60000153 -ZC- A S svc32
Trace 0: 0000022080005a40 [00000080/00000000600003d0/000004c0/ff020000] k_uart_putc
R00=0000000d R01=6000025c R02=600004b2 R03=0000000d
R04=00000000 R05=00000000 R06=00000000 R07=00000000
R08=00000000 R09=00000000 R10=00000000 R11=600058b4
R12=00000000 R13=600058a8 R14=6000044c R15=600003d0
PSR=20000153 --C- A S svc32
cpu_io_recompile: rewound execution of TB to 00000000600003f0
Trace 0: 0000022080005d00 [00000080/00000000600003f0/000004c0/ff031001] k_uart_putc
R00=0000000d R01=6000025c R02=600004b2 R03=10009018
R04=00000000 R05=00000000 R06=00000000 R07=00000000
R08=00000000 R09=00000000 R10=00000000 R11=600058a4
R12=00000000 R13=60005898 R14=6000044c R15=600003f0
PSR=20000153 --C- A S svc32
Trace 0: 0000022080005fc0 [00000080/0000000060000400/000004c0/ff020000] k_uart_putc
R00=0000000d R01=6000025c R02=600004b2 R03=00000000
R04=00000000 R05=00000000 R06=00000000 R07=00000000
R08=00000000 R09=00000000 R10=00000000 R11=600058a4
R12=00000000 R13=60005898 R14=6000044c R15=60000400
PSR=60000153 -ZC- A S svc32
cpu_io_recompile: rewound execution of TB to 000000006000040c
Trace 0: 0000022080006240 [00000080/000000006000040c/000004c0/ff031001] k_uart_putc
R00=0000000d R01=6000025c R02=0000000d R03=10009000
R04=00000000 R05=00000000 R06=00000000 R07=00000000
R08=00000000 R09=00000000 R10=00000000 R11=600058a4
R12=00000000 R13=60005898 R14=6000044c R15=6000040c
PSR=60000153 -ZC- A S svc32
Trace 0: 0000022080006c00 [00000080/000000006000044c/000004c0/ff020000] k_uart_print
R00=0000000d R01=6000025c R02=0000000d R03=10009000
R04=00000000 R05=00000000 R06=00000000 R07=00000000
R08=00000000 R09=00000000 R10=00000000 R11=600058b4
R12=00000000 R13=600058a8 R14=6000044c R15=6000044c
PSR=60000153 -ZC- A S svc32
Trace 0: 0000022080007400 [00000080/00000000600000b0/000004c0/ff020000] main
R00=0000000d R01=6000025c R02=0000000d R03=00000000
R04=00000000 R05=00000000 R06=00000000 R07=00000000
R08=00000000 R09=00000000 R10=00000000 R11=600058bc
R12=00000000 R13=600058b8 R14=6000044c R15=600000b0
PSR=60000153 -ZC- A S svc32
Linking TBs 0000022080007400 index 0 -> 0000022080007540
Trace 0: 0000022080007540 [00000080/000000006000035c/000004c0/ff020000] k_delay_ms
R00=000003e8 R01=6000025c R02=0000000d R03=00000000
R04=00000000 R05=00000000 R06=00000000 R07=00000000
R08=00000000 R09=00000000 R10=00000000 R11=600058bc
R12=00000000 R13=600058b8 R14=600000b8 R15=6000035c
PSR=60000153 -ZC- A S svc32
Linking TBs 0000022080007540 index 0 -> 0000022080007800
Trace 0: 0000022080007800 [00000080/0000000060000384/000004c0/ff020000] k_delay_ms
R00=000003e8 R01=6000025c R02=0000000d R03=00000000
R04=00000000 R05=00000000 R06=00000000 R07=00000000
R08=00000000 R09=00000000 R10=00000000 R11=600058b4
R12=00000000 R13=600058a0 R14=600000b8 R15=60000384
PSR=60000153 -ZC- A S svc32
Linking TBs 0000022080007800 index 0 -> 0000022080007ac0
Trace 0: 0000022080007ac0 [00000080/0000000060000380/000004c0/ff020000] k_delay_ms
R00=000003e8 R01=6000025c R02=000003e8 R03=00000000
R04=00000000 R05=00000000 R06=00000000 R07=00000000
R08=00000000 R09=00000000 R10=00000000 R11=600058b4
R12=00000000 R13=600058a0 R14=600000b8 R15=60000380
PSR=20000153 --C- A S svc32
